2024-05-14 23:34:15,460 - INFO - Página inicializada.
2024-05-14 23:34:19,608 - INFO - Botão 'world' encontrado e clicado.
2024-05-14 23:34:20,349 - INFO - Página rolada para baixo.
2024-05-14 23:34:21,909 - INFO - Botão 'worldclick' encontrado e clicado.
2024-05-14 23:34:32,929 - INFO - Elemento 'click1' encontrado e clicado.
2024-05-14 23:34:33,494 - INFO - Imagem 'digesting' encontrada. Aguardando 3 segundos antes de pressionar a tecla F4...
2024-05-14 23:34:36,599 - INFO - Tecla F4 pressionada.
2024-05-14 23:34:38,599 - INFO - Atualização concluída.
2024-05-14 23:39:11,131 - INFO - Página inicializada.
2024-05-14 23:39:15,269 - INFO - Botão 'world' encontrado e clicado.
2024-05-14 23:39:16,014 - INFO - Página rolada para baixo.
2024-05-14 23:39:17,575 - INFO - Botão 'worldclick' encontrado e clicado.
2024-05-14 23:39:28,590 - INFO - Elemento 'click1' encontrado e clicado.
2024-05-14 23:39:29,133 - INFO - Imagem 'digesting' encontrada. Aguardando 3 segundos antes de pressionar a tecla F4...
2024-05-14 23:39:32,237 - INFO - Tecla F4 pressionada.
2024-05-14 23:39:34,238 - INFO - Atualização concluída.
2024-05-14 23:40:04,068 - INFO - Página inicializada.
2024-05-14 23:40:08,224 - INFO - Botão 'world' encontrado e clicado.
2024-05-14 23:40:09,031 - INFO - Página rolada para baixo.
2024-05-14 23:40:10,595 - INFO - Botão 'worldclick' encontrado e clicado.
2024-05-14 23:40:21,594 - INFO - Elemento 'click1' encontrado e clicado.
2024-05-14 23:40:22,160 - INFO - Imagem 'digesting' encontrada. Aguardando 3 segundos antes de pressionar a tecla F4...
2024-05-14 23:40:25,273 - INFO - Tecla F4 pressionada.
2024-05-14 23:40:27,279 - INFO - Atualização concluída.
